<?xml version="1.0" encoding="UTF-8"?>
<!-- Generated by org.testng.reporters.JUnitReportReporter -->
<testsuite hostname="LAPTOP-TD75HR31" failures="0" tests="3" name="kultkavaklidere.tests.End2end" time="39.040" errors="0" timestamp="2023-11-18T17:13:47 TRT" skipped="0">
  <testcase classname="kultkavaklidere.tests.End2end" name="kult_order" time="16.124"/>
  <system-out/>
  <testcase classname="kultkavaklidere.tests.End2end" name="kult_order" time="12.096"/>
  <system-out/>
  <testcase classname="kultkavaklidere.tests.End2end" name="kult_order" time="10.820"/>
  <system-out/>
</testsuite> <!-- kultkavaklidere.tests.End2end -->
