<?xml version="1.0" encoding="UTF-8"?>
<!-- Generated by org.testng.reporters.JUnitReportReporter -->
<testsuite hostname="LAPTOP-TD75HR31" failures="0" tests="1" name="kultkavaklidere.tests.KrediKartı" time="9.143" errors="0" timestamp="2023-11-18T17:08:51 TRT" skipped="0">
  <testcase classname="kultkavaklidere.tests.KrediKartı" name="kult_order" time="9.143"/>
  <system-out/>
</testsuite> <!-- kultkavaklidere.tests.KrediKartı -->
